<?xml version="1.0" encoding="UTF-8"?>
<!-- Generated by org.testng.reporters.JUnitReportReporter -->
<testsuite skipped="0" hostname="NZWGTNLP54" name="PetStore.APIAutomation.APITest1" tests="1" failures="0" timestamp="2020-04-03T17:00:28 NZDT" time="6.569" errors="0">
  <testcase name="TestCase1" time="6.569" classname="PetStore.APIAutomation.APITest1"/>
</testsuite> <!-- PetStore.APIAutomation.APITest1 -->
